<?xml version="1.0" encoding="UTF-8"?>
<!-- Generated by org.testng.reporters.JUnitXMLReporter -->
<testsuite hostname="DESKTOP-3DADRPD" ignored="0" name="FREE CRM Application Test " tests="2" failures="0" timestamp="2021-09-25T13:07:10 IST" time="34.364" errors="0">
  <testcase name="verifyLoginpPageTitle" time="0.049" classname="com.crm.qa.testcases.LoginPageTest"/>
  <testcase name="successfulLogin" time="6.383" classname="com.crm.qa.testcases.LoginPageTest"/>
</testsuite> <!-- FREE CRM Application Test  -->
