<?xml version="1.0" encoding="UTF-8"?>
<!-- Generated by org.testng.reporters.JUnitXMLReporter -->
<testsuite hostname="DESKTOP-3DADRPD" ignored="0" name="Surefire test" tests="11" failures="0" timestamp="27 Sep 2021 05:08:07 GMT" time="209.203" errors="0">
  <testcase name="verifyContactsPageLabel" time="0.092" classname="com.crm.qa.testcases.ContactsPageTest"/>
  <testcase name="verifyHomePageTitle" time="0.006" classname="com.crm.qa.testcases.HomePageTest"/>
  <testcase name="verifyLoginpPageTitle" time="0.057" classname="com.crm.qa.testcases.LoginPageTest"/>
  <testcase name="verifyContactsSelectAction" time="0.119" classname="com.crm.qa.testcases.ContactsPageTest"/>
  <testcase name="verifyUserNameLabel" time="0.074" classname="com.crm.qa.testcases.HomePageTest"/>
  <testcase name="successfulLogin" time="7.926" classname="com.crm.qa.testcases.LoginPageTest"/>
  <testcase name="verifyMultipleSelectActions" time="0.2" classname="com.crm.qa.testcases.ContactsPageTest"/>
  <testcase name="verifyContactisSelected" time="0.13" classname="com.crm.qa.testcases.ContactsPageTest"/>
  <testcase name="validateCreateOnNewContact" time="4.992" classname="com.crm.qa.testcases.ContactsPageTest"/>
  <testcase name="validateCreateOnNewContact" time="4.005" classname="com.crm.qa.testcases.ContactsPageTest"/>
  <testcase name="validateCreateOnNewContact" time="3.976" classname="com.crm.qa.testcases.ContactsPageTest"/>
</testsuite> <!-- Surefire test -->
