<?xml version="1.0" encoding="UTF-8"?>
<testng-results skipped="0" failed="0" ignored="0" total="11" passed="11">
  <reporter-output>
  </reporter-output>
  <suite name="Surefire suite" duration-ms="209203" started-at="2021-09-27T05:04:38Z" finished-at="2021-09-27T05:08:07Z">
    <groups>
    </groups>
    <test name="Surefire test" duration-ms="209203" started-at="2021-09-27T05:04:38Z" finished-at="2021-09-27T05:08:07Z">
      <class name="com.crm.qa.testcases.HomePageTest">
        <test-method status="PASS" signature="setUp()[pri:0, instance:com.crm.qa.testcases.HomePageTest@246ae04d]" name="setUp" is-config="true" duration-ms="16076" started-at="2021-09-27T10:35:01Z" finished-at="2021-09-27T10:35:17Z">
          <reporter-output>
          </reporter-output>
        </test-method> <!-- setUp -->
        <test-method status="PASS" signature="verifyHomePageTitle()[pri:1, instance:com.crm.qa.testcases.HomePageTest@246ae04d]" name="verifyHomePageTitle" duration-ms="6" started-at="2021-09-27T10:35:17Z" finished-at="2021-09-27T10:35:17Z">
          <reporter-output>
          </reporter-output>
        </test-method> <!-- verifyHomePageTitle -->
        <test-method status="PASS" signature="tearDown()[pri:0, instance:com.crm.qa.testcases.HomePageTest@246ae04d]" name="tearDown" is-config="true" duration-ms="737" started-at="2021-09-27T10:35:17Z" finished-at="2021-09-27T10:35:17Z">
          <reporter-output>
          </reporter-output>
        </test-method> <!-- tearDown -->
        <test-method status="PASS" signature="setUp()[pri:0, instance:com.crm.qa.testcases.HomePageTest@246ae04d]" name="setUp" is-config="true" duration-ms="16498" started-at="2021-09-27T10:35:46Z" finished-at="2021-09-27T10:36:03Z">
          <reporter-output>
          </reporter-output>
        </test-method> <!-- setUp -->
        <test-method status="PASS" signature="verifyUserNameLabel()[pri:2, instance:com.crm.qa.testcases.HomePageTest@246ae04d]" name="verifyUserNameLabel" duration-ms="74" started-at="2021-09-27T10:36:03Z" finished-at="2021-09-27T10:36:03Z">
          <reporter-output>
          </reporter-output>
        </test-method> <!-- verifyUserNameLabel -->
        <test-method status="PASS" signature="tearDown()[pri:0, instance:com.crm.qa.testcases.HomePageTest@246ae04d]" name="tearDown" is-config="true" duration-ms="713" started-at="2021-09-27T10:36:03Z" finished-at="2021-09-27T10:36:03Z">
          <reporter-output>
          </reporter-output>
        </test-method> <!-- tearDown -->
      </class> <!-- com.crm.qa.testcases.HomePageTest -->
      <class name="com.crm.qa.testcases.ContactsPageTest">
        <test-method status="PASS" signature="setUp()[pri:0, instance:com.crm.qa.testcases.ContactsPageTest@2c6a3f77]" name="setUp" is-config="true" duration-ms="21768" started-at="2021-09-27T10:34:38Z" finished-at="2021-09-27T10:35:00Z">
          <reporter-output>
          </reporter-output>
        </test-method> <!-- setUp -->
        <test-method status="PASS" signature="verifyContactsPageLabel()[pri:1, instance:com.crm.qa.testcases.ContactsPageTest@2c6a3f77]" name="verifyContactsPageLabel" duration-ms="92" started-at="2021-09-27T10:35:00Z" finished-at="2021-09-27T10:35:00Z">
          <reporter-output>
          </reporter-output>
        </test-method> <!-- verifyContactsPageLabel -->
        <test-method status="PASS" signature="tearDown()[pri:0, instance:com.crm.qa.testcases.ContactsPageTest@2c6a3f77]" name="tearDown" is-config="true" duration-ms="836" started-at="2021-09-27T10:35:00Z" finished-at="2021-09-27T10:35:01Z">
          <reporter-output>
          </reporter-output>
        </test-method> <!-- tearDown -->
        <test-method status="PASS" signature="setUp()[pri:0, instance:com.crm.qa.testcases.ContactsPageTest@2c6a3f77]" name="setUp" is-config="true" duration-ms="17858" started-at="2021-09-27T10:35:27Z" finished-at="2021-09-27T10:35:45Z">
          <reporter-output>
          </reporter-output>
        </test-method> <!-- setUp -->
        <test-method status="PASS" signature="verifyContactsSelectAction()[pri:2, instance:com.crm.qa.testcases.ContactsPageTest@2c6a3f77]" name="verifyContactsSelectAction" duration-ms="119" started-at="2021-09-27T10:35:45Z" finished-at="2021-09-27T10:35:45Z">
          <reporter-output>
          </reporter-output>
        </test-method> <!-- verifyContactsSelectAction -->
        <test-method status="PASS" signature="tearDown()[pri:0, instance:com.crm.qa.testcases.ContactsPageTest@2c6a3f77]" name="tearDown" is-config="true" duration-ms="806" started-at="2021-09-27T10:35:45Z" finished-at="2021-09-27T10:35:46Z">
          <reporter-output>
          </reporter-output>
        </test-method> <!-- tearDown -->
        <test-method status="PASS" signature="setUp()[pri:0, instance:com.crm.qa.testcases.ContactsPageTest@2c6a3f77]" name="setUp" is-config="true" duration-ms="18120" started-at="2021-09-27T10:36:19Z" finished-at="2021-09-27T10:36:37Z">
          <reporter-output>
          </reporter-output>
        </test-method> <!-- setUp -->
        <test-method status="PASS" signature="verifyMultipleSelectActions()[pri:3, instance:com.crm.qa.testcases.ContactsPageTest@2c6a3f77]" name="verifyMultipleSelectActions" duration-ms="200" started-at="2021-09-27T10:36:37Z" finished-at="2021-09-27T10:36:38Z">
          <reporter-output>
          </reporter-output>
        </test-method> <!-- verifyMultipleSelectActions -->
        <test-method status="PASS" signature="tearDown()[pri:0, instance:com.crm.qa.testcases.ContactsPageTest@2c6a3f77]" name="tearDown" is-config="true" duration-ms="698" started-at="2021-09-27T10:36:38Z" finished-at="2021-09-27T10:36:38Z">
          <reporter-output>
          </reporter-output>
        </test-method> <!-- tearDown -->
        <test-method status="PASS" signature="setUp()[pri:0, instance:com.crm.qa.testcases.ContactsPageTest@2c6a3f77]" name="setUp" is-config="true" duration-ms="16515" started-at="2021-09-27T10:36:38Z" finished-at="2021-09-27T10:36:55Z">
          <reporter-output>
          </reporter-output>
        </test-method> <!-- setUp -->
        <test-method status="PASS" signature="verifyContactisSelected()[pri:4, instance:com.crm.qa.testcases.ContactsPageTest@2c6a3f77]" name="verifyContactisSelected" duration-ms="130" started-at="2021-09-27T10:36:55Z" finished-at="2021-09-27T10:36:55Z">
          <reporter-output>
          </reporter-output>
        </test-method> <!-- verifyContactisSelected -->
        <test-method status="PASS" signature="tearDown()[pri:0, instance:com.crm.qa.testcases.ContactsPageTest@2c6a3f77]" name="tearDown" is-config="true" duration-ms="1491" started-at="2021-09-27T10:36:55Z" finished-at="2021-09-27T10:36:57Z">
          <reporter-output>
          </reporter-output>
        </test-method> <!-- tearDown -->
        <test-method status="PASS" signature="setUp()[pri:0, instance:com.crm.qa.testcases.ContactsPageTest@2c6a3f77]" name="setUp" is-config="true" duration-ms="16926" started-at="2021-09-27T10:36:57Z" finished-at="2021-09-27T10:37:14Z">
          <reporter-output>
          </reporter-output>
        </test-method> <!-- setUp -->
        <test-method status="PASS" signature="validateCreateOnNewContact(java.lang.String, java.lang.String, java.lang.String, java.lang.String)[pri:5, instance:com.crm.qa.testcases.ContactsPageTest@2c6a3f77]" name="validateCreateOnNewContact" duration-ms="4992" started-at="2021-09-27T10:37:14Z" data-provider="getCRMTestData" finished-at="2021-09-27T10:37:19Z">
          <params>
            <param index="0">
              <value>
                <![CDATA[Mr.]]>
              </value>
            </param>
            <param index="1">
              <value>
                <![CDATA[Tom]]>
              </value>
            </param>
            <param index="2">
              <value>
                <![CDATA[Peter]]>
              </value>
            </param>
            <param index="3">
              <value>
                <![CDATA[Google]]>
              </value>
            </param>
          </params>
          <reporter-output>
          </reporter-output>
        </test-method> <!-- validateCreateOnNewContact -->
        <test-method status="PASS" signature="tearDown()[pri:0, instance:com.crm.qa.testcases.ContactsPageTest@2c6a3f77]" name="tearDown" is-config="true" duration-ms="716" started-at="2021-09-27T10:37:19Z" finished-at="2021-09-27T10:37:20Z">
          <reporter-output>
          </reporter-output>
        </test-method> <!-- tearDown -->
        <test-method status="PASS" signature="setUp()[pri:0, instance:com.crm.qa.testcases.ContactsPageTest@2c6a3f77]" name="setUp" is-config="true" duration-ms="18388" started-at="2021-09-27T10:37:20Z" finished-at="2021-09-27T10:37:38Z">
          <reporter-output>
          </reporter-output>
        </test-method> <!-- setUp -->
        <test-method status="PASS" signature="validateCreateOnNewContact(java.lang.String, java.lang.String, java.lang.String, java.lang.String)[pri:5, instance:com.crm.qa.testcases.ContactsPageTest@2c6a3f77]" name="validateCreateOnNewContact" duration-ms="4005" started-at="2021-09-27T10:37:38Z" data-provider="getCRMTestData" finished-at="2021-09-27T10:37:42Z">
          <params>
            <param index="0">
              <value>
                <![CDATA[Dr.]]>
              </value>
            </param>
            <param index="1">
              <value>
                <![CDATA[David]]>
              </value>
            </param>
            <param index="2">
              <value>
                <![CDATA[Cris]]>
              </value>
            </param>
            <param index="3">
              <value>
                <![CDATA[Amazon]]>
              </value>
            </param>
          </params>
          <reporter-output>
          </reporter-output>
        </test-method> <!-- validateCreateOnNewContact -->
        <test-method status="PASS" signature="tearDown()[pri:0, instance:com.crm.qa.testcases.ContactsPageTest@2c6a3f77]" name="tearDown" is-config="true" duration-ms="762" started-at="2021-09-27T10:37:42Z" finished-at="2021-09-27T10:37:43Z">
          <reporter-output>
          </reporter-output>
        </test-method> <!-- tearDown -->
        <test-method status="PASS" signature="setUp()[pri:0, instance:com.crm.qa.testcases.ContactsPageTest@2c6a3f77]" name="setUp" is-config="true" duration-ms="19090" started-at="2021-09-27T10:37:43Z" finished-at="2021-09-27T10:38:02Z">
          <reporter-output>
          </reporter-output>
        </test-method> <!-- setUp -->
        <test-method status="PASS" signature="validateCreateOnNewContact(java.lang.String, java.lang.String, java.lang.String, java.lang.String)[pri:5, instance:com.crm.qa.testcases.ContactsPageTest@2c6a3f77]" name="validateCreateOnNewContact" duration-ms="3976" started-at="2021-09-27T10:38:02Z" data-provider="getCRMTestData" finished-at="2021-09-27T10:38:06Z">
          <params>
            <param index="0">
              <value>
                <![CDATA[Mrs.]]>
              </value>
            </param>
            <param index="1">
              <value>
                <![CDATA[Mukta]]>
              </value>
            </param>
            <param index="2">
              <value>
                <![CDATA[Sharma]]>
              </value>
            </param>
            <param index="3">
              <value>
                <![CDATA[Ebay]]>
              </value>
            </param>
          </params>
          <reporter-output>
          </reporter-output>
        </test-method> <!-- validateCreateOnNewContact -->
        <test-method status="PASS" signature="tearDown()[pri:0, instance:com.crm.qa.testcases.ContactsPageTest@2c6a3f77]" name="tearDown" is-config="true" duration-ms="701" started-at="2021-09-27T10:38:06Z" finished-at="2021-09-27T10:38:07Z">
          <reporter-output>
          </reporter-output>
        </test-method> <!-- tearDown -->
      </class> <!-- com.crm.qa.testcases.ContactsPageTest -->
      <class name="com.crm.qa.testcases.LoginPageTest">
        <test-method status="PASS" signature="setup()[pri:0, instance:com.crm.qa.testcases.LoginPageTest@62043840]" name="setup" is-config="true" duration-ms="9601" started-at="2021-09-27T10:35:17Z" finished-at="2021-09-27T10:35:27Z">
          <reporter-output>
          </reporter-output>
        </test-method> <!-- setup -->
        <test-method status="PASS" signature="verifyLoginpPageTitle()[pri:1, instance:com.crm.qa.testcases.LoginPageTest@62043840]" name="verifyLoginpPageTitle" duration-ms="57" started-at="2021-09-27T10:35:27Z" finished-at="2021-09-27T10:35:27Z">
          <reporter-output>
          </reporter-output>
        </test-method> <!-- verifyLoginpPageTitle -->
        <test-method status="PASS" signature="tearDown()[pri:0, instance:com.crm.qa.testcases.LoginPageTest@62043840]" name="tearDown" is-config="true" duration-ms="325" started-at="2021-09-27T10:35:27Z" finished-at="2021-09-27T10:35:27Z">
          <reporter-output>
          </reporter-output>
        </test-method> <!-- tearDown -->
        <test-method status="PASS" signature="setup()[pri:0, instance:com.crm.qa.testcases.LoginPageTest@62043840]" name="setup" is-config="true" duration-ms="7921" started-at="2021-09-27T10:36:03Z" finished-at="2021-09-27T10:36:11Z">
          <reporter-output>
          </reporter-output>
        </test-method> <!-- setup -->
        <test-method status="PASS" signature="successfulLogin()[pri:2, instance:com.crm.qa.testcases.LoginPageTest@62043840]" name="successfulLogin" duration-ms="7926" started-at="2021-09-27T10:36:11Z" finished-at="2021-09-27T10:36:19Z">
          <reporter-output>
          </reporter-output>
        </test-method> <!-- successfulLogin -->
        <test-method status="PASS" signature="tearDown()[pri:0, instance:com.crm.qa.testcases.LoginPageTest@62043840]" name="tearDown" is-config="true" duration-ms="133" started-at="2021-09-27T10:36:19Z" finished-at="2021-09-27T10:36:19Z">
          <reporter-output>
          </reporter-output>
        </test-method> <!-- tearDown -->
      </class> <!-- com.crm.qa.testcases.LoginPageTest -->
    </test> <!-- Surefire test -->
  </suite> <!-- Surefire suite -->
</testng-results>
