<?xml version="1.0" encoding="UTF-8"?>
<testsuite xmlns:xsi="http://www.w3.org/2001/XMLSchema-instance" xsi:noNamespaceSchemaLocation="https://maven.apache.org/surefire/maven-surefire-plugin/xsd/surefire-test-report.xsd" name="TestSuite" time="209.871" tests="11" errors="0" skipped="0" failures="0">
  <properties>
[...]
</properties>
  <testcase name="verifyContactsPageLabel" classname="com.crm.qa.testcases.ContactsPageTest" time="0.09"/>
  <testcase name="verifyHomePageTitle" classname="com.crm.qa.testcases.HomePageTest" time="0.007"/>
  <testcase name="verifyLoginpPageTitle" classname="com.crm.qa.testcases.LoginPageTest" time="0.057"/>
  <testcase name="verifyContactsSelectAction" classname="com.crm.qa.testcases.ContactsPageTest" time="0.118"/>
  <testcase name="verifyUserNameLabel" classname="com.crm.qa.testcases.HomePageTest" time="0.074"/>
  <testcase name="successfulLogin" classname="com.crm.qa.testcases.LoginPageTest" time="7.926"/>
  <testcase name="verifyMultipleSelectActions" classname="com.crm.qa.testcases.ContactsPageTest" time="0.2"/>
  <testcase name="verifyContactisSelected" classname="com.crm.qa.testcases.ContactsPageTest" time="0.128"/>
  <testcase name="validateCreateOnNewContact" classname="com.crm.qa.testcases.ContactsPageTest" time="4.992"/>
  <testcase name="validateCreateOnNewContact" classname="com.crm.qa.testcases.ContactsPageTest" time="4.003"/>
  <testcase name="validateCreateOnNewContact" classname="com.crm.qa.testcases.ContactsPageTest" time="3.977"/>
</testsuite>